# JRE version: OpenJDK Runtime Environment (8.0_242-b01) (build 1.8.0_242-release-1644-b01)
# Java VM: OpenJDK 64-Bit Server VM (25.242-b01 mixed mode windows-amd64 compressed oops)
Heap:
 PSYoungGen      total 413184K, used 222978K [0x00000000e0000000, 0x0000000100000000, 0x0000000100000000)
  eden space 358400K, 62% used [0x00000000e0000000,0x00000000ed9c0868,0x00000000f5e00000)
  from space 54784K, 0% used [0x00000000f5e00000,0x00000000f5e00000,0x00000000f9380000)
  to   space 54784K, 0% used [0x00000000fca80000,0x00000000fca80000,0x0000000100000000)
 ParOldGen       total 244224K, used 68476K [0x00000000a0000000, 0x00000000aee80000, 0x00000000e0000000)
  object space 244224K, 28% used [0x00000000a0000000,0x00000000a42df288,0x00000000aee80000)
 Metaspace       used 98064K, capacity 102639K, committed 104088K, reserved 1138688K
  class space    used 12794K, capacity 13772K, committed 13992K, reserved 1048576K
GC Heap History (10 events):
Event: 3434.174 GC heap before
{Heap before GC invocations=23 (full 3):
 PSYoungGen      total 283648K, used 274249K [0x00000000e0000000, 0x00000000f8f80000, 0x0000000100000000)
  eden space 228352K, 100% used [0x00000000e0000000,0x00000000edf00000,0x00000000edf00000)
  from space 55296K, 83% used [0x00000000edf00000,0x00000000f0bd2618,0x00000000f1500000)
  to   space 59904K, 0% used [0x00000000f5500000,0x00000000f5500000,0x00000000f8f80000)
 ParOldGen       total 244224K, used 98218K [0x00000000a0000000, 0x00000000aee80000, 0x00000000e0000000)
  object space 244224K, 40% used [0x00000000a0000000,0x00000000a5feabb8,0x00000000aee80000)
 Metaspace       used 91208K, capacity 96572K, committed 96792K, reserved 1132544K
  class space    used 11863K, capacity 13003K, committed 13096K, reserved 1048576K
Event: 3434.186 GC heap after
Heap after GC invocations=23 (full 3):
 PSYoungGen      total 344064K, used 18929K [0x00000000e0000000, 0x00000000f8b00000, 0x0000000100000000)
  eden space 288768K, 0% used [0x00000000e0000000,0x00000000e0000000,0x00000000f1a00000)
  from space 55296K, 34% used [0x00000000f5500000,0x00000000f677c7b8,0x00000000f8b00000)
  to   space 57856K, 0% used [0x00000000f1a00000,0x00000000f1a00000,0x00000000f5280000)
 ParOldGen       total 244224K, used 115313K [0x00000000a0000000, 0x00000000aee80000, 0x00000000e0000000)
  object space 244224K, 47% used [0x00000000a0000000,0x00000000a709c560,0x00000000aee80000)
 Metaspace       used 91208K, capacity 96572K, committed 96792K, reserved 1132544K
  class space    used 11863K, capacity 13003K, committed 13096K, reserved 1048576K
}
Event: 3434.448 GC heap before
{Heap before GC invocations=24 (full 3):
 PSYoungGen      total 344064K, used 307697K [0x00000000e0000000, 0x00000000f8b00000, 0x0000000100000000)
  eden space 288768K, 100% used [0x00000000e0000000,0x00000000f1a00000,0x00000000f1a00000)
  from space 55296K, 34% used [0x00000000f5500000,0x00000000f677c7b8,0x00000000f8b00000)
  to   space 57856K, 0% used [0x00000000f1a00000,0x00000000f1a00000,0x00000000f5280000)
 ParOldGen       total 244224K, used 115313K [0x00000000a0000000, 0x00000000aee80000, 0x00000000e0000000)
  object space 244224K, 47% used [0x00000000a0000000,0x00000000a709c560,0x00000000aee80000)
 Metaspace       used 91474K, capacity 96916K, committed 97048K, reserved 1132544K
  class space    used 11888K, capacity 13007K, committed 13096K, reserved 1048576K
Event: 3434.464 GC heap after
Heap after GC invocations=24 (full 3):
 PSYoungGen      total 346624K, used 16331K [0x00000000e0000000, 0x00000000fd100000, 0x0000000100000000)
  eden space 288768K, 0% used [0x00000000e0000000,0x00000000e0000000,0x00000000f1a00000)
  from space 57856K, 28% used [0x00000000f1a00000,0x00000000f29f2dc8,0x00000000f5280000)
  to   space 56320K, 0% used [0x00000000f9a00000,0x00000000f9a00000,0x00000000fd100000)
 ParOldGen       total 244224K, used 131917K [0x00000000a0000000, 0x00000000aee80000, 0x00000000e0000000)
  object space 244224K, 54% used [0x00000000a0000000,0x00000000a80d3760,0x00000000aee80000)
 Metaspace       used 91474K, capacity 96916K, committed 97048K, reserved 1132544K
  class space    used 11888K, capacity 13007K, committed 13096K, reserved 1048576K
}
Event: 3435.235 GC heap before
{Heap before GC invocations=25 (full 3):
 PSYoungGen      total 346624K, used 305099K [0x00000000e0000000, 0x00000000fd100000, 0x0000000100000000)
  eden space 288768K, 100% used [0x00000000e0000000,0x00000000f1a00000,0x00000000f1a00000)
  from space 57856K, 28% used [0x00000000f1a00000,0x00000000f29f2dc8,0x00000000f5280000)
  to   space 56320K, 0% used [0x00000000f9a00000,0x00000000f9a00000,0x00000000fd100000)
 ParOldGen       total 244224K, used 131917K [0x00000000a0000000, 0x00000000aee80000, 0x00000000e0000000)
  object space 244224K, 54% used [0x00000000a0000000,0x00000000a80d3760,0x00000000aee80000)
 Metaspace       used 92622K, capacity 98128K, committed 98200K, reserved 1134592K
  class space    used 12042K, capacity 13173K, committed 13224K, reserved 1048576K
Event: 3435.253 GC heap after
Heap after GC invocations=25 (full 3):
 PSYoungGen      total 406528K, used 16623K [0x00000000e0000000, 0x00000000fc900000, 0x0000000100000000)
  eden space 358400K, 0% used [0x00000000e0000000,0x00000000e0000000,0x00000000f5e00000)
  from space 48128K, 34% used [0x00000000f9a00000,0x00000000faa3bd70,0x00000000fc900000)
  to   space 54784K, 0% used [0x00000000f5e00000,0x00000000f5e00000,0x00000000f9380000)
 ParOldGen       total 244224K, used 146853K [0x00000000a0000000, 0x00000000aee80000, 0x00000000e0000000)
  object space 244224K, 60% used [0x00000000a0000000,0x00000000a8f694d8,0x00000000aee80000)
 Metaspace       used 92622K, capacity 98128K, committed 98200K, reserved 1134592K
  class space    used 12042K, capacity 13173K, committed 13224K, reserved 1048576K
}
Event: 3435.328 GC heap before
{Heap before GC invocations=26 (full 3):
 PSYoungGen      total 406528K, used 37024K [0x00000000e0000000, 0x00000000fc900000, 0x0000000100000000)
  eden space 358400K, 5% used [0x00000000e0000000,0x00000000e13ec4d8,0x00000000f5e00000)
  from space 48128K, 34% used [0x00000000f9a00000,0x00000000faa3bd70,0x00000000fc900000)
  to   space 54784K, 0% used [0x00000000f5e00000,0x00000000f5e00000,0x00000000f9380000)
 ParOldGen       total 244224K, used 146853K [0x00000000a0000000, 0x00000000aee80000, 0x00000000e0000000)
  object space 244224K, 60% used [0x00000000a0000000,0x00000000a8f694d8,0x00000000aee80000)
 Metaspace       used 92940K, capacity 98523K, committed 98600K, reserved 1134592K
  class space    used 12098K, capacity 13224K, committed 13224K, reserved 1048576K
Event: 3435.337 GC heap after
Heap after GC invocations=26 (full 3):
 PSYoungGen      total 413184K, used 4730K [0x00000000e0000000, 0x0000000100000000, 0x0000000100000000)
  eden space 358400K, 0% used [0x00000000e0000000,0x00000000e0000000,0x00000000f5e00000)
  from space 54784K, 8% used [0x00000000f5e00000,0x00000000f629e960,0x00000000f9380000)
  to   space 54784K, 0% used [0x00000000fca80000,0x00000000fca80000,0x0000000100000000)
 ParOldGen       total 244224K, used 161566K [0x00000000a0000000, 0x00000000aee80000, 0x00000000e0000000)
  object space 244224K, 66% used [0x00000000a0000000,0x00000000a9dc7a78,0x00000000aee80000)
 Metaspace       used 92940K, capacity 98523K, committed 98600K, reserved 1134592K
  class space    used 12098K, capacity 13224K, committed 13224K, reserved 1048576K
}
Event: 3435.337 GC heap before
{Heap before GC invocations=27 (full 4):
 PSYoungGen      total 413184K, used 4730K [0x00000000e0000000, 0x0000000100000000, 0x0000000100000000)
  eden space 358400K, 0% used [0x00000000e0000000,0x00000000e0000000,0x00000000f5e00000)
  from space 54784K, 8% used [0x00000000f5e00000,0x00000000f629e960,0x00000000f9380000)
  to   space 54784K, 0% used [0x00000000fca80000,0x00000000fca80000,0x0000000100000000)
 ParOldGen       total 244224K, used 161566K [0x00000000a0000000, 0x00000000aee80000, 0x00000000e0000000)
  object space 244224K, 66% used [0x00000000a0000000,0x00000000a9dc7a78,0x00000000aee80000)
 Metaspace       used 92940K, capacity 98523K, committed 98600K, reserved 1134592K
  class space    used 12098K, capacity 13224K, committed 13224K, reserved 1048576K
Event: 3435.601 GC heap after
Heap after GC invocations=27 (full 4):
 PSYoungGen      total 413184K, used 0K [0x00000000e0000000, 0x0000000100000000, 0x0000000100000000)
  eden space 358400K, 0% used [0x00000000e0000000,0x00000000e0000000,0x00000000f5e00000)
  from space 54784K, 0% used [0x00000000f5e00000,0x00000000f5e00000,0x00000000f9380000)
  to   space 54784K, 0% used [0x00000000fca80000,0x00000000fca80000,0x0000000100000000)
 ParOldGen       total 244224K, used 68476K [0x00000000a0000000, 0x00000000aee80000, 0x00000000e0000000)
  object space 244224K, 28% used [0x00000000a0000000,0x00000000a42df288,0x00000000aee80000)
 Metaspace       used 91419K, capacity 94851K, committed 98600K, reserved 1134592K
  class space    used 11695K, capacity 12427K, committed 13224K, reserved 1048576K
}

