# JRE version: OpenJDK Runtime Environment (8.0_242-b01) (build 1.8.0_242-release-1644-b01)
# Java VM: OpenJDK 64-Bit Server VM (25.242-b01 mixed mode windows-amd64 compressed oops)
Heap:
 PSYoungGen      total 152064K, used 105262K [0x00000000e0000000, 0x00000000eb480000, 0x0000000100000000)
  eden space 140288K, 66% used [0x00000000e0000000,0x00000000e5b4e660,0x00000000e8900000)
  from space 11776K, 99% used [0x00000000ea900000,0x00000000eb47d508,0x00000000eb480000)
  to   space 13312K, 0% used [0x00000000e9a80000,0x00000000e9a80000,0x00000000ea780000)
 ParOldGen       total 162304K, used 17133K [0x00000000a0000000, 0x00000000a9e80000, 0x00000000e0000000)
  object space 162304K, 10% used [0x00000000a0000000,0x00000000a10bb728,0x00000000a9e80000)
 Metaspace       used 51273K, capacity 52762K, committed 52904K, reserved 1095680K
  class space    used 6841K, capacity 7227K, committed 7336K, reserved 1048576K
GC Heap History (10 events):
Event: 3.677 GC heap before
{Heap before GC invocations=6 (full 1):
 PSYoungGen      total 75776K, used 65024K [0x00000000e0000000, 0x00000000e9400000, 0x0000000100000000)
  eden space 65024K, 100% used [0x00000000e0000000,0x00000000e3f80000,0x00000000e3f80000)
  from space 10752K, 0% used [0x00000000e4a00000,0x00000000e4a00000,0x00000000e5480000)
  to   space 10752K, 0% used [0x00000000e3f80000,0x00000000e3f80000,0x00000000e4a00000)
 ParOldGen       total 99328K, used 7953K [0x00000000a0000000, 0x00000000a6100000, 0x00000000e0000000)
  object space 99328K, 8% used [0x00000000a0000000,0x00000000a07c45a0,0x00000000a6100000)
 Metaspace       used 29161K, capacity 29706K, committed 30080K, reserved 1075200K
  class space    used 3944K, capacity 4132K, committed 4224K, reserved 1048576K
Event: 3.681 GC heap after
Heap after GC invocations=6 (full 1):
 PSYoungGen      total 75776K, used 8201K [0x00000000e0000000, 0x00000000e7c00000, 0x0000000100000000)
  eden space 65024K, 0% used [0x00000000e0000000,0x00000000e0000000,0x00000000e3f80000)
  from space 10752K, 76% used [0x00000000e3f80000,0x00000000e4782418,0x00000000e4a00000)
  to   space 12288K, 0% used [0x00000000e7000000,0x00000000e7000000,0x00000000e7c00000)
 ParOldGen       total 99328K, used 7961K [0x00000000a0000000, 0x00000000a6100000, 0x00000000e0000000)
  object space 99328K, 8% used [0x00000000a0000000,0x00000000a07c65a0,0x00000000a6100000)
 Metaspace       used 29161K, capacity 29706K, committed 30080K, reserved 1075200K
  class space    used 3944K, capacity 4132K, committed 4224K, reserved 1048576K
}
Event: 4.164 GC heap before
{Heap before GC invocations=7 (full 1):
 PSYoungGen      total 75776K, used 73225K [0x00000000e0000000, 0x00000000e7c00000, 0x0000000100000000)
  eden space 65024K, 100% used [0x00000000e0000000,0x00000000e3f80000,0x00000000e3f80000)
  from space 10752K, 76% used [0x00000000e3f80000,0x00000000e4782418,0x00000000e4a00000)
  to   space 12288K, 0% used [0x00000000e7000000,0x00000000e7000000,0x00000000e7c00000)
 ParOldGen       total 99328K, used 7961K [0x00000000a0000000, 0x00000000a6100000, 0x00000000e0000000)
  object space 99328K, 8% used [0x00000000a0000000,0x00000000a07c65a0,0x00000000a6100000)
 Metaspace       used 31982K, capacity 32590K, committed 33024K, reserved 1077248K
  class space    used 4390K, capacity 4560K, committed 4608K, reserved 1048576K
Event: 4.174 GC heap after
Heap after GC invocations=7 (full 1):
 PSYoungGen      total 114688K, used 8668K [0x00000000e0000000, 0x00000000e7b80000, 0x0000000100000000)
  eden space 102912K, 0% used [0x00000000e0000000,0x00000000e0000000,0x00000000e6480000)
  from space 11776K, 73% used [0x00000000e7000000,0x00000000e7877170,0x00000000e7b80000)
  to   space 11776K, 0% used [0x00000000e6480000,0x00000000e6480000,0x00000000e7000000)
 ParOldGen       total 99328K, used 7969K [0x00000000a0000000, 0x00000000a6100000, 0x00000000e0000000)
  object space 99328K, 8% used [0x00000000a0000000,0x00000000a07c85a0,0x00000000a6100000)
 Metaspace       used 31982K, capacity 32590K, committed 33024K, reserved 1077248K
  class space    used 4390K, capacity 4560K, committed 4608K, reserved 1048576K
}
Event: 4.710 GC heap before
{Heap before GC invocations=8 (full 1):
 PSYoungGen      total 114688K, used 69464K [0x00000000e0000000, 0x00000000e7b80000, 0x0000000100000000)
  eden space 102912K, 59% used [0x00000000e0000000,0x00000000e3b5f1f8,0x00000000e6480000)
  from space 11776K, 73% used [0x00000000e7000000,0x00000000e7877170,0x00000000e7b80000)
  to   space 11776K, 0% used [0x00000000e6480000,0x00000000e6480000,0x00000000e7000000)
 ParOldGen       total 99328K, used 7969K [0x00000000a0000000, 0x00000000a6100000, 0x00000000e0000000)
  object space 99328K, 8% used [0x00000000a0000000,0x00000000a07c85a0,0x00000000a6100000)
 Metaspace       used 34559K, capacity 35464K, committed 35496K, reserved 1079296K
  class space    used 4755K, capacity 5009K, committed 5032K, reserved 1048576K
Event: 4.717 GC heap after
Heap after GC invocations=8 (full 1):
 PSYoungGen      total 114688K, used 9972K [0x00000000e0000000, 0x00000000eb480000, 0x0000000100000000)
  eden space 102912K, 0% used [0x00000000e0000000,0x00000000e0000000,0x00000000e6480000)
  from space 11776K, 84% used [0x00000000e6480000,0x00000000e6e3d2b0,0x00000000e7000000)
  to   space 11776K, 0% used [0x00000000ea900000,0x00000000ea900000,0x00000000eb480000)
 ParOldGen       total 99328K, used 7977K [0x00000000a0000000, 0x00000000a6100000, 0x00000000e0000000)
  object space 99328K, 8% used [0x00000000a0000000,0x00000000a07ca5a0,0x00000000a6100000)
 Metaspace       used 34559K, capacity 35464K, committed 35496K, reserved 1079296K
  class space    used 4755K, capacity 5009K, committed 5032K, reserved 1048576K
}
Event: 4.717 GC heap before
{Heap before GC invocations=9 (full 2):
 PSYoungGen      total 114688K, used 9972K [0x00000000e0000000, 0x00000000eb480000, 0x0000000100000000)
  eden space 102912K, 0% used [0x00000000e0000000,0x00000000e0000000,0x00000000e6480000)
  from space 11776K, 84% used [0x00000000e6480000,0x00000000e6e3d2b0,0x00000000e7000000)
  to   space 11776K, 0% used [0x00000000ea900000,0x00000000ea900000,0x00000000eb480000)
 ParOldGen       total 99328K, used 7977K [0x00000000a0000000, 0x00000000a6100000, 0x00000000e0000000)
  object space 99328K, 8% used [0x00000000a0000000,0x00000000a07ca5a0,0x00000000a6100000)
 Metaspace       used 34559K, capacity 35464K, committed 35496K, reserved 1079296K
  class space    used 4755K, capacity 5009K, committed 5032K, reserved 1048576K
Event: 4.790 GC heap after
Heap after GC invocations=9 (full 2):
 PSYoungGen      total 114688K, used 0K [0x00000000e0000000, 0x00000000eb480000, 0x0000000100000000)
  eden space 102912K, 0% used [0x00000000e0000000,0x00000000e0000000,0x00000000e6480000)
  from space 11776K, 0% used [0x00000000e6480000,0x00000000e6480000,0x00000000e7000000)
  to   space 11776K, 0% used [0x00000000ea900000,0x00000000ea900000,0x00000000eb480000)
 ParOldGen       total 162304K, used 16673K [0x00000000a0000000, 0x00000000a9e80000, 0x00000000e0000000)
  object space 162304K, 10% used [0x00000000a0000000,0x00000000a10487c0,0x00000000a9e80000)
 Metaspace       used 34510K, capacity 35302K, committed 35496K, reserved 1079296K
  class space    used 4740K, capacity 4982K, committed 5032K, reserved 1048576K
}
Event: 5.968 GC heap before
{Heap before GC invocations=10 (full 2):
 PSYoungGen      total 114688K, used 102912K [0x00000000e0000000, 0x00000000eb480000, 0x0000000100000000)
  eden space 102912K, 100% used [0x00000000e0000000,0x00000000e6480000,0x00000000e6480000)
  from space 11776K, 0% used [0x00000000e6480000,0x00000000e6480000,0x00000000e7000000)
  to   space 11776K, 0% used [0x00000000ea900000,0x00000000ea900000,0x00000000eb480000)
 ParOldGen       total 162304K, used 16673K [0x00000000a0000000, 0x00000000a9e80000, 0x00000000e0000000)
  object space 162304K, 10% used [0x00000000a0000000,0x00000000a10487c0,0x00000000a9e80000)
 Metaspace       used 43630K, capacity 44782K, committed 44968K, reserved 1087488K
  class space    used 5894K, capacity 6217K, committed 6312K, reserved 1048576K
Event: 5.977 GC heap after
Heap after GC invocations=10 (full 2):
 PSYoungGen      total 152064K, used 11765K [0x00000000e0000000, 0x00000000eb480000, 0x0000000100000000)
  eden space 140288K, 0% used [0x00000000e0000000,0x00000000e0000000,0x00000000e8900000)
  from space 11776K, 99% used [0x00000000ea900000,0x00000000eb47d508,0x00000000eb480000)
  to   space 13312K, 0% used [0x00000000e9a80000,0x00000000e9a80000,0x00000000ea780000)
 ParOldGen       total 162304K, used 17133K [0x00000000a0000000, 0x00000000a9e80000, 0x00000000e0000000)
  object space 162304K, 10% used [0x00000000a0000000,0x00000000a10bb728,0x00000000a9e80000)
 Metaspace       used 43630K, capacity 44782K, committed 44968K, reserved 1087488K
  class space    used 5894K, capacity 6217K, committed 6312K, reserved 1048576K
}

