# JRE version: OpenJDK Runtime Environment (8.0_242-b01) (build 1.8.0_242-release-1644-b01)
# Java VM: OpenJDK 64-Bit Server VM (25.242-b01 mixed mode windows-amd64 compressed oops)
Heap:
 PSYoungGen      total 173056K, used 112372K [0x00000000e0000000, 0x00000000ed280000, 0x0000000100000000)
  eden space 153600K, 64% used [0x00000000e0000000,0x00000000e60f1108,0x00000000e9600000)
  from space 19456K, 67% used [0x00000000e9600000,0x00000000ea2cc278,0x00000000ea900000)
  to   space 19456K, 0% used [0x00000000ebf80000,0x00000000ebf80000,0x00000000ed280000)
 ParOldGen       total 263680K, used 32148K [0x00000000a0000000, 0x00000000b0180000, 0x00000000e0000000)
  object space 263680K, 12% used [0x00000000a0000000,0x00000000a1f652d0,0x00000000b0180000)
 Metaspace       used 63188K, capacity 66424K, committed 66688K, reserved 1105920K
  class space    used 8667K, capacity 9284K, committed 9344K, reserved 1048576K
GC Heap History (10 events):
Event: 6.988 GC heap before
{Heap before GC invocations=10 (full 2):
 PSYoungGen      total 105984K, used 94208K [0x00000000e0000000, 0x00000000e9b00000, 0x0000000100000000)
  eden space 94208K, 100% used [0x00000000e0000000,0x00000000e5c00000,0x00000000e5c00000)
  from space 11776K, 0% used [0x00000000e5c00000,0x00000000e5c00000,0x00000000e6780000)
  to   space 11776K, 0% used [0x00000000e8f80000,0x00000000e8f80000,0x00000000e9b00000)
 ParOldGen       total 175616K, used 16680K [0x00000000a0000000, 0x00000000aab80000, 0x00000000e0000000)
  object space 175616K, 9% used [0x00000000a0000000,0x00000000a104a018,0x00000000aab80000)
 Metaspace       used 43028K, capacity 44200K, committed 44416K, reserved 1087488K
  class space    used 5805K, capacity 6152K, committed 6272K, reserved 1048576K
Event: 7.000 GC heap after
Heap after GC invocations=10 (full 2):
 PSYoungGen      total 140288K, used 11701K [0x00000000e0000000, 0x00000000e9b00000, 0x0000000100000000)
  eden space 128512K, 0% used [0x00000000e0000000,0x00000000e0000000,0x00000000e7d80000)
  from space 11776K, 99% used [0x00000000e8f80000,0x00000000e9aed708,0x00000000e9b00000)
  to   space 12800K, 0% used [0x00000000e8200000,0x00000000e8200000,0x00000000e8e80000)
 ParOldGen       total 175616K, used 16688K [0x00000000a0000000, 0x00000000aab80000, 0x00000000e0000000)
  object space 175616K, 9% used [0x00000000a0000000,0x00000000a104c018,0x00000000aab80000)
 Metaspace       used 43028K, capacity 44200K, committed 44416K, reserved 1087488K
  class space    used 5805K, capacity 6152K, committed 6272K, reserved 1048576K
}
Event: 8.575 GC heap before
{Heap before GC invocations=11 (full 2):
 PSYoungGen      total 140288K, used 140213K [0x00000000e0000000, 0x00000000e9b00000, 0x0000000100000000)
  eden space 128512K, 100% used [0x00000000e0000000,0x00000000e7d80000,0x00000000e7d80000)
  from space 11776K, 99% used [0x00000000e8f80000,0x00000000e9aed708,0x00000000e9b00000)
  to   space 12800K, 0% used [0x00000000e8200000,0x00000000e8200000,0x00000000e8e80000)
 ParOldGen       total 175616K, used 16688K [0x00000000a0000000, 0x00000000aab80000, 0x00000000e0000000)
  object space 175616K, 9% used [0x00000000a0000000,0x00000000a104c018,0x00000000aab80000)
 Metaspace       used 53907K, capacity 55638K, committed 55680K, reserved 1097728K
  class space    used 7317K, capacity 7775K, committed 7808K, reserved 1048576K
Event: 8.591 GC heap after
Heap after GC invocations=11 (full 2):
 PSYoungGen      total 145920K, used 12780K [0x00000000e0000000, 0x00000000eba00000, 0x0000000100000000)
  eden space 133120K, 0% used [0x00000000e0000000,0x00000000e0000000,0x00000000e8200000)
  from space 12800K, 99% used [0x00000000e8200000,0x00000000e8e7b310,0x00000000e8e80000)
  to   space 17408K, 0% used [0x00000000ea900000,0x00000000ea900000,0x00000000eba00000)
 ParOldGen       total 175616K, used 25508K [0x00000000a0000000, 0x00000000aab80000, 0x00000000e0000000)
  object space 175616K, 14% used [0x00000000a0000000,0x00000000a18e93f0,0x00000000aab80000)
 Metaspace       used 53907K, capacity 55638K, committed 55680K, reserved 1097728K
  class space    used 7317K, capacity 7775K, committed 7808K, reserved 1048576K
}
Event: 9.204 GC heap before
{Heap before GC invocations=12 (full 2):
 PSYoungGen      total 145920K, used 63373K [0x00000000e0000000, 0x00000000eba00000, 0x0000000100000000)
  eden space 133120K, 38% used [0x00000000e0000000,0x00000000e3168410,0x00000000e8200000)
  from space 12800K, 99% used [0x00000000e8200000,0x00000000e8e7b310,0x00000000e8e80000)
  to   space 17408K, 0% used [0x00000000ea900000,0x00000000ea900000,0x00000000eba00000)
 ParOldGen       total 175616K, used 25508K [0x00000000a0000000, 0x00000000aab80000, 0x00000000e0000000)
  object space 175616K, 14% used [0x00000000a0000000,0x00000000a18e93f0,0x00000000aab80000)
 Metaspace       used 57202K, capacity 58992K, committed 59096K, reserved 1099776K
  class space    used 7800K, capacity 8234K, committed 8320K, reserved 1048576K
Event: 9.217 GC heap after
Heap after GC invocations=12 (full 2):
 PSYoungGen      total 171008K, used 17399K [0x00000000e0000000, 0x00000000ec700000, 0x0000000100000000)
  eden space 153600K, 0% used [0x00000000e0000000,0x00000000e0000000,0x00000000e9600000)
  from space 17408K, 99% used [0x00000000ea900000,0x00000000eb9fdd98,0x00000000eba00000)
  to   space 19456K, 0% used [0x00000000e9600000,0x00000000e9600000,0x00000000ea900000)
 ParOldGen       total 175616K, used 25687K [0x00000000a0000000, 0x00000000aab80000, 0x00000000e0000000)
  object space 175616K, 14% used [0x00000000a0000000,0x00000000a1915dc0,0x00000000aab80000)
 Metaspace       used 57202K, capacity 58992K, committed 59096K, reserved 1099776K
  class space    used 7800K, capacity 8234K, committed 8320K, reserved 1048576K
}
Event: 9.217 GC heap before
{Heap before GC invocations=13 (full 3):
 PSYoungGen      total 171008K, used 17399K [0x00000000e0000000, 0x00000000ec700000, 0x0000000100000000)
  eden space 153600K, 0% used [0x00000000e0000000,0x00000000e0000000,0x00000000e9600000)
  from space 17408K, 99% used [0x00000000ea900000,0x00000000eb9fdd98,0x00000000eba00000)
  to   space 19456K, 0% used [0x00000000e9600000,0x00000000e9600000,0x00000000ea900000)
 ParOldGen       total 175616K, used 25687K [0x00000000a0000000, 0x00000000aab80000, 0x00000000e0000000)
  object space 175616K, 14% used [0x00000000a0000000,0x00000000a1915dc0,0x00000000aab80000)
 Metaspace       used 57202K, capacity 58992K, committed 59096K, reserved 1099776K
  class space    used 7800K, capacity 8234K, committed 8320K, reserved 1048576K
Event: 9.468 GC heap after
Heap after GC invocations=13 (full 3):
 PSYoungGen      total 171008K, used 0K [0x00000000e0000000, 0x00000000ec700000, 0x0000000100000000)
  eden space 153600K, 0% used [0x00000000e0000000,0x00000000e0000000,0x00000000e9600000)
  from space 17408K, 0% used [0x00000000ea900000,0x00000000ea900000,0x00000000eba00000)
  to   space 19456K, 0% used [0x00000000e9600000,0x00000000e9600000,0x00000000ea900000)
 ParOldGen       total 263680K, used 32140K [0x00000000a0000000, 0x00000000b0180000, 0x00000000e0000000)
  object space 263680K, 12% used [0x00000000a0000000,0x00000000a1f632d0,0x00000000b0180000)
 Metaspace       used 57202K, capacity 58992K, committed 59096K, reserved 1099776K
  class space    used 7800K, capacity 8234K, committed 8320K, reserved 1048576K
}
Event: 10.910 GC heap before
{Heap before GC invocations=14 (full 3):
 PSYoungGen      total 171008K, used 153600K [0x00000000e0000000, 0x00000000ec700000, 0x0000000100000000)
  eden space 153600K, 100% used [0x00000000e0000000,0x00000000e9600000,0x00000000e9600000)
  from space 17408K, 0% used [0x00000000ea900000,0x00000000ea900000,0x00000000eba00000)
  to   space 19456K, 0% used [0x00000000e9600000,0x00000000e9600000,0x00000000ea900000)
 ParOldGen       total 263680K, used 32140K [0x00000000a0000000, 0x00000000b0180000, 0x00000000e0000000)
  object space 263680K, 12% used [0x00000000a0000000,0x00000000a1f632d0,0x00000000b0180000)
 Metaspace       used 62125K, capacity 65428K, committed 65536K, reserved 1105920K
  class space    used 8561K, capacity 9192K, committed 9216K, reserved 1048576K
Event: 10.920 GC heap after
Heap after GC invocations=14 (full 3):
 PSYoungGen      total 173056K, used 13104K [0x00000000e0000000, 0x00000000ed280000, 0x0000000100000000)
  eden space 153600K, 0% used [0x00000000e0000000,0x00000000e0000000,0x00000000e9600000)
  from space 19456K, 67% used [0x00000000e9600000,0x00000000ea2cc278,0x00000000ea900000)
  to   space 19456K, 0% used [0x00000000ebf80000,0x00000000ebf80000,0x00000000ed280000)
 ParOldGen       total 263680K, used 32148K [0x00000000a0000000, 0x00000000b0180000, 0x00000000e0000000)
  object space 263680K, 12% used [0x00000000a0000000,0x00000000a1f652d0,0x00000000b0180000)
 Metaspace       used 62125K, capacity 65428K, committed 65536K, reserved 1105920K
  class space    used 8561K, capacity 9192K, committed 9216K, reserved 1048576K
}

